[debug] [2024-08-14T14:20:54.671Z] ----------------------------------------------------------------------
[debug] [2024-08-14T14:20:54.674Z] Command:       C:\Program Files\nodejs\node.exe C:\Program Files\nodejs\node_modules\firebase-tools\lib\bin\firebase.js init
[debug] [2024-08-14T14:20:54.675Z] CLI Version:   13.14.2
[debug] [2024-08-14T14:20:54.675Z] Platform:      win32
[debug] [2024-08-14T14:20:54.675Z] Node Version:  v20.15.1
[debug] [2024-08-14T14:20:54.675Z] Time:          Wed Aug 14 2024 08:20:54 GMT-0600 (hora estándar central)
[debug] [2024-08-14T14:20:54.675Z] ----------------------------------------------------------------------
[debug] 
[debug] [2024-08-14T14:20:54.688Z] >>> [apiv2][query] GET https://firebase-public.firebaseio.com/cli.json [none]
[debug] [2024-08-14T14:20:54.738Z] > command requires scopes: ["email","openid","https://www.googleapis.com/auth/cloudplatformprojects.readonly","https://www.googleapis.com/auth/firebase","https://www.googleapis.com/auth/cloud-platform"]
[debug] [2024-08-14T14:20:54.739Z] > authorizing via signed-in user (vemancera@gmail.com)
[info] 
     ######## #### ########  ######## ########     ###     ######  ########
     ##        ##  ##     ## ##       ##     ##  ##   ##  ##       ##
     ######    ##  ########  ######   ########  #########  ######  ######
     ##        ##  ##    ##  ##       ##     ## ##     ##       ## ##
     ##       #### ##     ## ######## ########  ##     ##  ######  ########

You're about to initialize a Firebase project in this directory:

  C:\Users\victo\Documents\reactNextJS\blife

[debug] [2024-08-14T14:20:54.906Z] <<< [apiv2][status] GET https://firebase-public.firebaseio.com/cli.json 200
[debug] [2024-08-14T14:20:54.906Z] <<< [apiv2][body] GET https://firebase-public.firebaseio.com/cli.json {"cloudBuildErrorAfter":1594252800000,"cloudBuildWarnAfter":1590019200000,"defaultNode10After":1594252800000,"minVersion":"3.0.5","node8DeploysDisabledAfter":1613390400000,"node8RuntimeDisabledAfter":1615809600000,"node8WarnAfter":1600128000000}
[info] 
=== Project Setup
[info] 
[info] First, let's associate this project directory with a Firebase project.
[info] You can create multiple project aliases by running firebase use --add, 
[info] but for now we'll just set up a default project.
[info] 
[debug] [2024-08-14T14:21:16.410Z] > refreshing access token with scopes: []
[debug] [2024-08-14T14:21:16.411Z] >>> [apiv2][query] POST https://www.googleapis.com/oauth2/v3/token [none]
[debug] [2024-08-14T14:21:16.411Z] >>> [apiv2][body] POST https://www.googleapis.com/oauth2/v3/token [omitted]
[debug] [2024-08-14T14:21:16.538Z] <<< [apiv2][status] POST https://www.googleapis.com/oauth2/v3/token 200
[debug] [2024-08-14T14:21:16.538Z] <<< [apiv2][body] POST https://www.googleapis.com/oauth2/v3/token [omitted]
[debug] [2024-08-14T14:21:16.553Z] >>> [apiv2][query] GET https://firebase.googleapis.com/v1beta1/projects pageSize=100
[debug] [2024-08-14T14:21:16.811Z] <<< [apiv2][status] GET https://firebase.googleapis.com/v1beta1/projects 200
[debug] [2024-08-14T14:21:16.811Z] <<< [apiv2][body] GET https://firebase.googleapis.com/v1beta1/projects [omitted]
[info] i  Using project b-life-test (b-life-test) 
[info] 
=== Hosting Setup
[debug] [2024-08-14T14:21:24.496Z] >>> [apiv2][query] GET https://firebase.googleapis.com/v1beta1/projects/b-life-test [none]
[debug] [2024-08-14T14:21:24.653Z] <<< [apiv2][status] GET https://firebase.googleapis.com/v1beta1/projects/b-life-test 200
[debug] [2024-08-14T14:21:24.653Z] <<< [apiv2][body] GET https://firebase.googleapis.com/v1beta1/projects/b-life-test {"projectId":"b-life-test","projectNumber":"816771338389","displayName":"b-life-test","name":"projects/b-life-test","resources":{"hostingSite":"b-life-test"},"state":"ACTIVE","etag":"1_715b9866-76de-4775-ba1e-7394c3604da1"}
[debug] [2024-08-14T14:21:35.097Z] SyntaxError: Unexpected end of JSON input
    at JSON.parse (<anonymous>)
    at findDependency (C:\Users\victo\AppData\Roaming\nvm\v20.15.1\node_modules\firebase-tools\lib\frameworks\utils.js:188:23)
    at getAstroVersion (C:\Users\victo\AppData\Roaming\nvm\v20.15.1\node_modules\firebase-tools\lib\frameworks\astro\utils.js:39:45)
    at discover (C:\Users\victo\AppData\Roaming\nvm\v20.15.1\node_modules\firebase-tools\lib\frameworks\astro\index.js:17:49)
    at discover (C:\Users\victo\AppData\Roaming\nvm\v20.15.1\node_modules\firebase-tools\lib\frameworks\index.js:47:38)
    at async doSetup (C:\Users\victo\AppData\Roaming\nvm\v20.15.1\node_modules\firebase-tools\lib\init\features\hosting\index.js:54:11)
    at async init (C:\Users\victo\AppData\Roaming\nvm\v20.15.1\node_modules\firebase-tools\lib\init\index.js:40:9)
[error] 
[error] Error: An unexpected error has occurred.
[debug] [2024-08-14T14:22:17.794Z] ----------------------------------------------------------------------
[debug] [2024-08-14T14:22:17.797Z] Command:       C:\Program Files\nodejs\node.exe C:\Program Files\nodejs\node_modules\firebase-tools\lib\bin\firebase.js init
[debug] [2024-08-14T14:22:17.797Z] CLI Version:   13.14.2
[debug] [2024-08-14T14:22:17.797Z] Platform:      win32
[debug] [2024-08-14T14:22:17.797Z] Node Version:  v20.15.1
[debug] [2024-08-14T14:22:17.797Z] Time:          Wed Aug 14 2024 08:22:17 GMT-0600 (hora estándar central)
[debug] [2024-08-14T14:22:17.797Z] ----------------------------------------------------------------------
[debug] 
[debug] [2024-08-14T14:22:17.804Z] > command requires scopes: ["email","openid","https://www.googleapis.com/auth/cloudplatformprojects.readonly","https://www.googleapis.com/auth/firebase","https://www.googleapis.com/auth/cloud-platform"]
[debug] [2024-08-14T14:22:17.804Z] > authorizing via signed-in user (vemancera@gmail.com)
[info] 
     ######## #### ########  ######## ########     ###     ######  ########
     ##        ##  ##     ## ##       ##     ##  ##   ##  ##       ##
     ######    ##  ########  ######   ########  #########  ######  ######
     ##        ##  ##    ##  ##       ##     ## ##     ##       ## ##
     ##       #### ##     ## ######## ########  ##     ##  ######  ########

You're about to initialize a Firebase project in this directory:

  C:\Users\victo\Documents\reactNextJS\blife

